[25-Feb-2026 12:01:17] NOTICE: fpm is running, pid 44164
[25-Feb-2026 12:01:17] NOTICE: ready to handle connections
[26-Feb-2026 09:51:44] NOTICE: Terminating ...
[26-Feb-2026 09:51:44] NOTICE: Terminating ...
[26-Feb-2026 09:51:44] NOTICE: exiting, bye-bye!
[27-Feb-2026 15:42:01] NOTICE: fpm is running, pid 89650
[27-Feb-2026 15:42:01] NOTICE: ready to handle connections
[27-Feb-2026 15:55:07] NOTICE: Terminating ...
[27-Feb-2026 15:55:07] NOTICE: Terminating ...
[27-Feb-2026 15:55:07] NOTICE: exiting, bye-bye!
[02-Mar-2026 11:28:21] NOTICE: fpm is running, pid 99729
[02-Mar-2026 11:28:21] NOTICE: ready to handle connections
[02-Mar-2026 11:32:30] NOTICE: Terminating ...
[02-Mar-2026 11:32:30] NOTICE: Terminating ...
[02-Mar-2026 11:32:30] NOTICE: exiting, bye-bye!
[02-Mar-2026 15:30:48] NOTICE: fpm is running, pid 16197
[02-Mar-2026 15:30:48] NOTICE: ready to handle connections
[03-Mar-2026 18:42:24] NOTICE: Terminating ...
[03-Mar-2026 18:42:24] NOTICE: Terminating ...
[03-Mar-2026 18:42:24] NOTICE: exiting, bye-bye!
[03-Mar-2026 18:42:26] NOTICE: fpm is running, pid 29553
[03-Mar-2026 18:42:26] NOTICE: ready to handle connections
[03-Mar-2026 20:51:03] NOTICE: Terminating ...
[03-Mar-2026 20:51:03] NOTICE: Terminating ...
[03-Mar-2026 20:51:03] NOTICE: exiting, bye-bye!
[06-Mar-2026 16:24:12] NOTICE: fpm is running, pid 3850
[06-Mar-2026 16:24:12] NOTICE: ready to handle connections
[09-Mar-2026 10:44:12] NOTICE: Terminating ...
[09-Mar-2026 10:44:12] NOTICE: Terminating ...
[09-Mar-2026 10:44:12] NOTICE: exiting, bye-bye!
[09-Mar-2026 10:54:28] NOTICE: fpm is running, pid 3396
[09-Mar-2026 10:54:28] NOTICE: ready to handle connections
[09-Mar-2026 21:48:48] NOTICE: Terminating ...
[09-Mar-2026 21:48:48] NOTICE: Terminating ...
[09-Mar-2026 21:48:48] NOTICE: exiting, bye-bye!
[10-Mar-2026 10:06:14] NOTICE: fpm is running, pid 11327
[10-Mar-2026 10:06:14] NOTICE: ready to handle connections
[10-Mar-2026 11:09:32] NOTICE: Terminating ...
[10-Mar-2026 11:09:32] NOTICE: Terminating ...
[10-Mar-2026 11:09:32] NOTICE: exiting, bye-bye!
[10-Mar-2026 17:08:07] NOTICE: fpm is running, pid 22037
[10-Mar-2026 17:08:07] NOTICE: ready to handle connections
[10-Mar-2026 20:41:06] NOTICE: Terminating ...
[10-Mar-2026 20:41:06] NOTICE: Terminating ...
[10-Mar-2026 20:41:06] NOTICE: exiting, bye-bye!
[11-Mar-2026 10:10:25] NOTICE: fpm is running, pid 30390
[11-Mar-2026 10:10:25] NOTICE: ready to handle connections
[11-Mar-2026 19:36:45] NOTICE: Terminating ...
[11-Mar-2026 19:36:45] NOTICE: Terminating ...
[11-Mar-2026 19:36:45] NOTICE: exiting, bye-bye!
[12-Mar-2026 10:35:49] NOTICE: fpm is running, pid 92224
[12-Mar-2026 10:35:49] NOTICE: ready to handle connections
[12-Mar-2026 12:41:00] NOTICE: Terminating ...
[12-Mar-2026 12:41:00] NOTICE: Terminating ...
[12-Mar-2026 12:41:00] NOTICE: exiting, bye-bye!
[12-Mar-2026 14:58:15] NOTICE: fpm is running, pid 94608
[12-Mar-2026 14:58:15] NOTICE: ready to handle connections
[13-Mar-2026 11:29:14] NOTICE: Terminating ...
[13-Mar-2026 11:29:14] NOTICE: Terminating ...
[13-Mar-2026 11:29:14] NOTICE: exiting, bye-bye!
[13-Mar-2026 11:29:17] NOTICE: fpm is running, pid 96585
[13-Mar-2026 11:29:17] NOTICE: ready to handle connections
